0:100  0:100  MemLog inited, TSC freq: 2304327680
0:100  0:000  CPU was calibrated with RTC
0:100  0:000  
0:100  0:000  Now is 26.07.2020,  04:50:26 (GMT)
0:100  0:000  Starting Clover revision: 5109 (master, commit 5a8588318) on American Megatrends EFI
0:100  0:000  Build with: [Args: -D NO_GRUB_DRIVERS_EMBEDDED -t GCC53 | -D NO_GRUB_DRIVERS_EMBEDDED --conf=/Users/sergey/src/CloverHackyColor/Conf -D USE_LOW_EBDA -a X64 -b RELEASE -t GCC53 -n 5 | OS: 10.14.6]
0:100  0:000  SelfDevicePath=PciRoot(0x0)\Pci(0x1D,0x0)\Pci(0x0,0x0)\NVMe(0x1,C8-50-A7-46-8B-44-1B-00)\HD(1,GPT,FD80A042-99E8-4576-A207-D62619AF2F85,0x800,0x96000) @65D81498
0:100  0:000  SelfDirPath = \EFI\CLOVER
0:100  0:000  Clover : Image base = 0x5C3E1000
0:100  0:000  SimpleTextEx Status=Success
0:100  0:000  === [ Get Smbios ] ==============================
0:100  0:000  Type 16 Index = 0
0:100  0:000  Total Memory Slots Count = 2
0:100  0:000  Type 17 Index = 0
0:100  0:000  SmbiosTable.Type17->Speed = 2667MHz
0:100  0:000  SmbiosTable.Type17->Size = 16384MB
0:100  0:000  SmbiosTable.Type17->Bank/Device =  DIMM A
0:100  0:000  SmbiosTable.Type17->Vendor = 80CE000080CE
0:100  0:000  SmbiosTable.Type17->SerialNumber = 233133E2
0:100  0:000  SmbiosTable.Type17->PartNumber = M471A2K43CB1-CTD    
0:100  0:000  Type 17 Index = 1
0:100  0:000  Ignoring insane frequency value 0MHz
0:100  0:000  SmbiosTable.Type17->Speed = 0MHz
0:100  0:000  SmbiosTable.Type17->Size = 0MB
0:100  0:000  SmbiosTable.Type17->Bank/Device =  DIMM B
0:100  0:000  SmbiosTable.Type17->Vendor = 
0:100  0:000  SmbiosTable.Type17->SerialNumber = 
0:100  0:000  SmbiosTable.Type17->PartNumber = 
0:100  0:000  Boot status=0
0:100  0:000  Running on: 'XPS 15 9570' with board '0YMMT6'
0:100  0:000  === [ GetCPUProperties ] ========================
0:100  0:000  CPU Vendor = 756E6547 Model=906EA
0:100  0:000   The CPU supported SSE4.1
0:100  0:000  BrandString = Intel(R) Core(TM) i5-8300H CPU @ 2.30GHz
0:100  0:000   The CPU supported turbo
0:100  0:000  MSR 0x35               40008
0:100  0:000   TSC/CCC Information Leaf:
0:100  0:000    numerator     : 192
0:100  0:000    denominator   : 2
0:100  0:000   Calibrated ARTFrequency: 24003413
0:100  0:000   Rounded ARTFrequency: 24000000
0:100  0:000  MSR 0xE2 before patch 1E008008
0:100  0:000  MSR 0xE2 is locked, PM patches will be turned on
0:100  0:000  MSR 0xCE              0008083B_8083BF1011700
0:100  0:000  corrected FLEX_RATIO = 100000
0:100  0:000  MSR 0x1B0             00000000
0:100  0:000  FSBFrequency = 151 MHz, DMI FSBFrequency = 100 MHz, Corrected FSBFrequency = 100 MHz
0:100  0:000  MaxDiv/MinDiv: 23.0/8
0:100  0:000  Turbo: 39/40/40/40
0:100  0:000  Features: 0x77FAFBBFBFEBFBFF
0:100  0:000  Threads: 8
0:100  0:000  Cores: 4
0:100  0:000  FSB: 100 MHz
0:100  0:000  CPU: 3465 MHz
0:100  0:000  TSC: 3465 MHz
0:100  0:000  PIS: 100 MHz
0:100  0:000  ExternalClock: 25 MHz
0:100  0:000  === [ GetDevices ] ==============================
0:100  0:000  GOP found at: PciRoot(0x0)/Pci(0x2,0x0)/AcpiAdr(0x80011400)
0:100  0:000  PCI (00|00:00.00) : 8086 3E10 class=060000
0:100  0:000  PCI (00|00:01.00) : 8086 1901 class=060400
0:100  0:000  PCI (00|01:00.00) : 10DE 1C8D class=030200
0:100  0:000  PCI (00|00:02.00) : 8086 3E9B class=030000
0:100  0:000   - GOP: Provided by device
0:100  0:000   - GFX: Model=Intel UHD Graphics 630 (Intel)
0:100  0:000  PCI (00|00:04.00) : 8086 1903 class=118000
0:100  0:000  PCI (00|00:08.00) : 8086 1911 class=088000
0:100  0:000  PCI (00|00:12.00) : 8086 A379 class=118000
0:100  0:000  PCI (00|00:14.00) : 8086 A36D class=0C0330
0:100  0:000  PCI (00|00:14.02) : 8086 A36F class=050000
0:100  0:000  PCI (00|00:15.00) : 8086 A368 class=0C8000
0:100  0:000  PCI (00|00:15.01) : 8086 A369 class=0C8000
0:100  0:000  PCI (00|00:16.00) : 8086 A360 class=078000
0:100  0:000  PCI (00|00:17.00) : 8086 A353 class=010601
0:100  0:000  PCI (00|00:1B.00) : 8086 A340 class=060400
0:100  0:000  PCI (00|00:1C.00) : 8086 A338 class=060400
0:101  0:000  PCI (00|3B:00.00) : 14E4 43A3 class=028000
0:101  0:000   - WIFI: Vendor=5348Broadcom
0:101  0:000  PCI (00|00:1C.04) : 8086 A33C class=060400
0:101  0:000  PCI (00|3C:00.00) : 10EC 525A class=FF0000
0:101  0:000  PCI (00|00:1D.00) : 8086 A330 class=060400
0:101  0:000  PCI (00|3D:00.00) : 15B7 5009 class=010802
0:101  0:000  PCI (00|00:1F.00) : 8086 A30E class=060100
0:101  0:000  PCI (00|00:1F.03) : 8086 A348 class=040380
0:101  0:000  PCI (00|00:1F.04) : 8086 A323 class=0C0500
0:101  0:000  PCI (00|00:1F.05) : 8086 A324 class=0C8000
0:101  0:000  === [ GetDefaultSettings ] ======================
0:101  0:000  Clover load options size = 162 bytes
0:101  0:000  CheckOEMPathExists tried EFI\CLOVER\OEM\0YMMT6\UEFI. Dir not exists
0:101  0:000  CheckOEMPathExists tried EFI\CLOVER\OEM\XPS 15 9570. Dir not exists
0:101  0:000  CheckOEMPathExists tried EFI\CLOVER\OEM\XPS 15 9570-3465. Dir not exists
0:101  0:000  CheckOEMPathExists tried EFI\CLOVER\OEM\0YMMT6. Dir not exists
0:101  0:000  CheckOEMPathExists tried EFI\CLOVER\OEM\0YMMT6-3465. Dir not exists
0:101  0:000  set OEMPath by default: EFI\CLOVER
0:102  0:000  EFI\CLOVER\.plist not loaded with name from LoadOptions: Invalid Parameter
0:102  0:000  CheckOEMPathExists tried EFI\CLOVER\OEM\0YMMT6\UEFI. Dir not exists
0:102  0:000  CheckOEMPathExists tried EFI\CLOVER\OEM\XPS 15 9570. Dir not exists
0:102  0:000  CheckOEMPathExists tried EFI\CLOVER\OEM\XPS 15 9570-3465. Dir not exists
0:102  0:000  CheckOEMPathExists tried EFI\CLOVER\OEM\0YMMT6. Dir not exists
0:102  0:000  CheckOEMPathExists tried EFI\CLOVER\OEM\0YMMT6-3465. Dir not exists
0:102  0:000  set OEMPath by default: EFI\CLOVER
0:103  0:001  EFI\CLOVER\config.plist loaded: Success
0:103  0:000  === [ GetListOfThemes ] =========================
0:103  0:000  - [00]: Nightwish
0:104  0:000  === [ Found config plists ] =====================
0:104  0:000  - config.plist
0:112  0:008  === [ GetEarlyUserSettings ] ====================
0:112  0:000  timeout set to -1
0:112  0:000  Custom boot CUSTOM_BOOT_THEME (0x0)
0:112  0:000  KextsToPatch: 1 requested
0:112  0:000   - [00]: com.apple.driver.AppleHDAController (NoLabel) :: BinPatch :: data len: 4
0:113  0:000  Default theme: Nightwish
0:113  0:000  Hiding entries with string Recovery
0:113  0:000  Hiding entries with string Preboot
0:113  0:000  === [ LoadDrivers ] =============================
0:113  0:000  Loading HfsPlus.efi  status=Success
0:115  0:001   - driver needs connecting
0:115  0:000  Loading ApfsDriverLoader.efi  status=Success
0:116  0:001   - driver needs connecting
0:116  0:000  Loading AptioMemoryFix.efi  status=Success
0:118  0:001  2 drivers needs connecting ...
0:118  0:000  PlatformDriverOverrideProtocol->GetDriver overriden
0:118  0:000  APFS driver loaded
0:118  0:000  Searching for invalid DiskIo BY_DRIVER connects: not found, all ok
0:430  0:311  === [ InitScreen ] ==============================
0:430  0:000  Console modes reported: 4, available modes:
0:430  0:000   - [01]: 80x25
0:430  0:000   - [02]: 80x50
0:430  0:000   - [03]: 100x31
0:430  0:000   - [04]: 240x56 (current mode)
0:430  0:000  SetMaxResolution: found best mode 4: 1920x1080
0:430  0:000   - already set
0:430  0:000  reinit: self device path=PciRoot(0x0)\Pci(0x1D,0x0)\Pci(0x0,0x0)\NVMe(0x1,C8-50-A7-46-8B-44-1B-00)\HD(1,GPT,FD80A042-99E8-4576-A207-D62619AF2F85,0x800,0x96000)
0:430  0:000  new SelfHandle=65D81498
0:430  0:000  === [ GetMacAddress ] ===========================
0:430  0:000  === [ ScanSPD ] =================================
0:431  0:000  Scanning SMBus [8086:A323], mmio: 0xED220004, ioport: 0xEFA0, hostc: 0x11
0:451  0:020  Slot: 0 Type 26 16384MB 2666MHz Vendor=Samsung PartNo=M471A2K43CB1-CTD SerialNo= 2 3 3 1 3 3 E 2
0:453  0:001  === [ GetAcpiTablesList ] =======================
0:453  0:000  Get Acpi Tables List from RSDT:
0:453  0:000   - [00]: FACP  CBX3    len=132
0:453  0:000   - [01]: APIC  CBX3    len=188
0:453  0:000   - [02]: FPDT  CBX3    len=68
0:453  0:000   - [03]: FIDT  CBX3    len=156
0:453  0:000   - [04]: MCFG  CBX3    len=60
0:453  0:000   - [05]: SSDT  SataTabl len=1889
0:453  0:000   - [06]: SSDT  CpuSsdt len=6111
0:453  0:000   - [07]: BOOT  CBX3     len=40
0:453  0:000   - [08]: SSDT  SaSsdt  len=4918
0:453  0:000   - [09]: SSDT  PegSsdt len=9792
0:453  0:000   - [10]: HPET  CBX3    len=56
0:453  0:000   - [11]: SSDT  xh_cfhd4 len=10569
0:453  0:000   - [12]: UEFI  CBX3    len=72
0:453  0:000   - [13]: LPIT  CBX3    len=92
0:453  0:000   - [14]: SSDT  PtidDevc len=10206
0:453  0:000   - [15]: SSDT  TbtTypeC len=4094
0:453  0:000   - [16]: DBGP  CBX3    len=52
0:453  0:000   - [17]: DBG2  CBX3    len=84
0:453  0:000   - [18]: SSDT  UsbCTabl len=2012
0:453  0:000   - [19]: SSDT  DptfTabl len=25902
0:453  0:000   - [20]: MSDM  CBX3    len=85
0:453  0:000   - [21]: SLIC  CBX3    len=374
0:453  0:000   - [22]: SSDT  ADebTabl len=324
0:453  0:000   - [23]: SSDT  SgPeg len=174
0:453  0:000   - [24]: DMAR  EDK2     len=168
0:453  0:000   - [25]: NHLT  EDK2     len=45
0:453  0:000   - [26]: BGRT   len=56
0:453  0:000   - [27]: ASF!  CBX3    len=116
0:453  0:000   - [28]: SSDT  OptTabl len=7920
0:453  0:000  Calibrated TSC Frequency = 2304327680 = 2304MHz
0:453  0:000  === [ GetUserSettings ] =========================
0:453  0:000  Add 3 devices (kTagTypeDict):
0:453  0:000  USB FixOwnership: yes
0:453  0:000  Dropping 1 tables:
0:453  0:000   - [00]: Drop table  signature="SSDT" (54445353) table-id="xh_cfhd4" (34646866635F6878)
0:453  0:000           - set table: 54445353, 34646866635f6878 to drop: yes
0:453  0:000   - final DSDT Fix mask=00000000
0:453  0:000  PatchesDSDT: 4 requested
0:453  0:000   - [00]: (Rename _WAK to ZWAK) lenToFind: 7, lenToReplace: 7, Target Bridge: 
0:453  0:000   - [01]: (Rename BRT6 to BRTX) lenToFind: 5, lenToReplace: 5, Target Bridge: 
0:453  0:000   - [02]: (Rename USTP to One) lenToFind: 5, lenToReplace: 5, Target Bridge: 
0:453  0:000   - [03]: (Rename RP17.PXSX._RMV to XRMV) lenToFind: 14, lenToReplace: 14, Target Bridge: 
0:453  0:000  PluginType: 0
0:453  0:000  Using ProductName from config: MacBookPro15,1
0:453  0:000  BiosVersion: not set, Using BiosVersion from clover
0:453  0:000  BiosVersion: MBP151.88Z.F000.B00.2003070302
0:453  0:000  BiosReleaseDate: 03/07/2020
0:453  0:000  Using EfiVersion from clover: 1037.100.355.0.0
0:453  0:000  Using FirmwareFeatures from clover: 0xFC0FE137
0:453  0:000  Using FirmwareFeaturesMask from clover: 0xFF1FFF3F
0:453  0:000  Using PlatformFeature from clover: 0x2
0:453  0:000  === [ Found DSDT tables ] =======================
1:148  0:695  === [ ScanVolumes ] =============================
1:148  0:000  Found 13 volumes with blockIO
1:148  0:000  - [00]: Volume: PciRoot(0x0)\Pci(0x17,0x0)\Sata(0x2,0xFFFF,0x0)
1:149  0:000  - [01]: Volume: PciRoot(0x0)\Pci(0x17,0x0)\Sata(0x2,0xFFFF,0x0)\HD(1,GPT,6BD0873A-D32A-4438-B5F4-720515E6AF64,0x800,0x3A383000)
1:151  0:001          Result of bootcode detection: bootable Windows (vista,win)
1:151  0:000  - [02]: Volume: PciRoot(0x0)\Pci(0x17,0x0)\Sata(0x2,0xFFFF,0x0)\HD(2,GPT,3200B459-6149-42B8-9420-F2B257E58695,0x3A383800,0x3A382800)
1:152  0:001          Result of bootcode detection: bootable Windows (vista,win)
1:152  0:000  - [03]: Volume: PciRoot(0x0)\Pci(0x1D,0x0)\Pci(0x0,0x0)\NVMe(0x1,C8-50-A7-46-8B-44-1B-00)
1:153  0:000  - [04]: Volume: PciRoot(0x0)\Pci(0x1D,0x0)\Pci(0x0,0x0)\NVMe(0x1,C8-50-A7-46-8B-44-1B-00)\HD(1,GPT,FD80A042-99E8-4576-A207-D62619AF2F85,0x800,0x96000)
1:153  0:000          Result of bootcode detection: bootable Windows (vista,win)
1:153  0:000          This is SelfVolume !!
1:153  0:000  - [05]: Volume: PciRoot(0x0)\Pci(0x1D,0x0)\Pci(0x0,0x0)\NVMe(0x1,C8-50-A7-46-8B-44-1B-00)\HD(2,GPT,444EE64C-8FCE-408B-AE32-6D0384414ADB,0x96800,0x40000)
1:153  0:000  - [06]: Volume: PciRoot(0x0)\Pci(0x1D,0x0)\Pci(0x0,0x0)\NVMe(0x1,C8-50-A7-46-8B-44-1B-00)\HD(3,GPT,ECA8BD91-2E30-4D3B-83F8-905ABA2FC72A,0xD6800,0x25800800)
1:153  0:000          Result of bootcode detection: bootable Windows (vista,win)
1:153  0:000  - [07]: Volume: PciRoot(0x0)\Pci(0x1D,0x0)\Pci(0x0,0x0)\NVMe(0x1,C8-50-A7-46-8B-44-1B-00)\HD(4,GPT,AC75AC26-E285-4D20-B926-95CBFC5BC096,0x258D7000,0x4EE2FD88)
1:153  0:000          Result of bootcode detection: bootable unknown (legacy)
1:153  0:000  - [08]: Volume: PciRoot(0x0)\Pci(0x1D,0x0)\Pci(0x0,0x0)\NVMe(0x1,C8-50-A7-46-8B-44-1B-00)\HD(4,GPT,AC75AC26-E285-4D20-B926-95CBFC5BC096,0x258D7000,0x4EE2FD88)\VenMedia(BE74FCF7-0B7C-49F3-9147-01F4042E6842,AFC5123C60CF914FA368FCD8BDB7EC63)
1:153  0:000          hiding this volume
1:153  0:000  - [09]: Volume: PciRoot(0x0)\Pci(0x1D,0x0)\Pci(0x0,0x0)\NVMe(0x1,C8-50-A7-46-8B-44-1B-00)\HD(4,GPT,AC75AC26-E285-4D20-B926-95CBFC5BC096,0x258D7000,0x4EE2FD88)\VenMedia(BE74FCF7-0B7C-49F3-9147-01F4042E6842,F5DA511CA7B90745BE9792A15BE0ED77)
1:153  0:000  - [10]: Volume: PciRoot(0x0)\Pci(0x1D,0x0)\Pci(0x0,0x0)\NVMe(0x1,C8-50-A7-46-8B-44-1B-00)\HD(4,GPT,AC75AC26-E285-4D20-B926-95CBFC5BC096,0x258D7000,0x4EE2FD88)\VenMedia(BE74FCF7-0B7C-49F3-9147-01F4042E6842,BC3FA88A93801D4580A292C7248811AC)
1:154  0:000          hiding this volume
1:154  0:000  - [11]: Volume: PciRoot(0x0)\Pci(0x1D,0x0)\Pci(0x0,0x0)\NVMe(0x1,C8-50-A7-46-8B-44-1B-00)\HD(4,GPT,AC75AC26-E285-4D20-B926-95CBFC5BC096,0x258D7000,0x4EE2FD88)\VenMedia(BE74FCF7-0B7C-49F3-9147-01F4042E6842,410D9E45FCBDDE48BC30E8A77C7FF42F)
1:154  0:000  - [12]: Volume: PciRoot(0x0)\Pci(0x1D,0x0)\Pci(0x0,0x0)\NVMe(0x1,C8-50-A7-46-8B-44-1B-00)\HD(4,GPT,AC75AC26-E285-4D20-B926-95CBFC5BC096,0x258D7000,0x4EE2FD88)\VenMedia(BE74FCF7-0B7C-49F3-9147-01F4042E6842,F3116791A189B542917D95F97131470F)
1:154  0:000  No AudioIoProtocols, status=Not Found
1:154  0:000  === [ InitXTheme ] ==============================
1:154  0:000  use night theme
1:162  0:008  Using theme 'Nightwish' (EFI\CLOVER\themes\Nightwish)
1:162  0:000  chosen theme Nightwish
1:162  0:000  OS main and drive as badge
1:206  0:044  file sound read: sound_night.wav Not Found
1:207  0:000    Channels: 1  Sample rate: 44100 Hz  Bits: 16
1:207  0:000  output to channel 0 with volume 0, len=167040
1:207  0:000   sound channels=1 bits=16 freq=44100
1:207  0:000  sound play end with status=Not Found
1:209  0:002  Loading font from ThemeDir: Success
1:391  0:181  theme inited
1:391  0:000  Chosen theme Nightwish
1:391  0:000  after NVRAM boot-args=brcmfx-country=#a agdpmod=vit9696 darkwake=1 igfxfw=2 alcdelay=500
1:391  0:000  === [ Dump SMC keys from NVRAM ] ================
1:391  0:000  no AppleSMC protocol
1:425  0:034  === [ ScanLoader ] ==============================
1:425  0:000  - [01]: ''
1:432  0:006  - [02]: ''
1:438  0:006  - [04]: 'EFI'
1:440  0:002          AddLoaderEntry for Volume Name=EFI
1:450  0:009          AddLoaderEntry for Volume Name=EFI
1:450  0:000          skipped because entry is hidden
1:450  0:000  - [06]: ''
1:456  0:006  - [08]: 'Preboot', hidden
1:456  0:000  - [09]: 'ffmac - 数据'
1:465  0:008  - [10]: 'Recovery', hidden
1:465  0:000  - [11]: 'VM'
1:471  0:006  - [12]: 'ffmac'
1:477  0:005          AddLoaderEntry for Volume Name=ffmac
1:490  0:013      hibernated: set as never
1:497  0:006  === [ AddCustomTool ] ===========================
1:497  0:000  Checking EFI partition Volume 4 for Clover
1:497  0:000   Found Clover
1:497  0:000  === [ GetEfiBootDeviceFromNvram ] ===============
1:498  0:000   - efi-boot-device-data: PciRoot(0x0)\Pci(0x1D,0x0)\Pci(0x0,0x0)\NVMe(0x1,C8-50-A7-46-8B-44-1B-00)\HD(4,GPT,AC75AC26-E285-4D20-B926-95CBFC5BC096,0x258D7000,0x4EE2FD88)\VenMedia(BE74FCF7-0B7C-49F3-9147-01F4042E6842,F3116791A189B542917D95F97131470F)
1:498  0:000    - Volume: 'PciRoot(0x0)\Pci(0x1D,0x0)\Pci(0x0,0x0)\NVMe(0x1,C8-50-A7-46-8B-44-1B-00)\HD(4,GPT,AC75AC26-E285-4D20-B926-95CBFC5BC096,0x258D7000,0x4EE2FD88)\VenMedia(BE74FCF7-0B7C-49F3-9147-01F4042E6842,F3116791A189B542917D95F97131470F)'
1:498  0:000    - LoaderPath: ''
1:498  0:000    - Guid = AC75AC26-E285-4D20-B926-95CBFC5BC096
1:498  0:000  === [ FindStartupDiskVolume ] ===================
1:498  0:000    - Volume: partition = PciRoot(0x0)\Pci(0x1D,0x0)\Pci(0x0,0x0)\NVMe(0x1,C8-50-A7-46-8B-44-1B-00)\HD(4,GPT,AC75AC26-E285-4D20-B926-95CBFC5BC096,0x258D7000,0x4EE2FD88)\VenMedia(BE74FCF7-0B7C-49F3-9147-01F4042E6842,F3116791A189B542917D95F97131470F)
1:498  0:000     - searching for that partition
1:498  0:000      - found entry 1. 'Boot macOS from ffmac', Volume 'ffmac'
1:498  0:000  Boot redirected to Entry 1. 'Boot macOS from ffmac'
2:074  0:576  GUI ready
